SF:lib\src\data\models\string_resource.dart
DA:7,4
DA:9,8
DA:10,8
DA:14,0
DA:16,8
DA:18,2
DA:20,4
DA:21,0
DA:24,4
DA:25,4
DA:30,0
DA:32,0
DA:35,0
DA:38,0
DA:40,0
LF:15
LH:8
end_of_record
SF:lib\string_manager.dart
DA:15,1
LF:1
LH:1
end_of_record
SF:lib\src\services\string_manager_service.dart
DA:10,1
DA:14,1
DA:16,1
DA:17,1
DA:18,0
DA:21,1
DA:22,3
DA:23,1
DA:26,0
DA:27,0
DA:28,0
DA:31,1
DA:32,1
DA:34,1
DA:37,1
DA:38,1
DA:39,2
DA:42,1
DA:43,1
DA:45,5
DA:48,1
DA:49,1
DA:50,1
DA:52,2
DA:56,3
DA:59,1
DA:60,1
DA:61,3
DA:62,1
DA:65,1
DA:66,1
DA:67,3
DA:68,1
DA:69,1
DA:73,1
DA:75,1
LF:36
LH:32
end_of_record
SF:lib\src\services\hive_storage.dart
DA:9,2
DA:11,2
DA:12,4
DA:13,6
DA:14,8
DA:17,2
DA:18,4
DA:22,1
DA:23,3
DA:26,2
DA:29,6
DA:30,6
LF:12
LH:12
end_of_record
SF:lib\src\services\translation_service.dart
DA:9,2
DA:12,2
DA:18,2
DA:21,4
DA:23,0
DA:24,0
DA:29,2
DA:31,6
DA:32,2
DA:35,2
DA:41,6
DA:42,4
DA:44,2
DA:49,2
DA:54,2
DA:55,6
DA:57,6
DA:58,4
DA:60,2
LF:19
LH:17
end_of_record
